<?xml version="1.0" encoding="UTF-8"?>
<!-- Generated by org.testng.reporters.JUnitReportReporter -->
<testsuite name="com.mst.automation.asld.regression.AsldApplication" tests="1" time="78.770" ignored="0" failures="0" timestamp="05 Apr 2019 09:44:09 GMT" skipped="0" hostname="MSTSYS0093" errors="0">
  <testcase name="formExecutionPage" time="78.770" classname="com.mst.automation.asld.regression.AsldApplication"/>
</testsuite> <!-- com.mst.automation.asld.regression.AsldApplication -->
